  glad.c
  Source.cpp
f:\studies\cpp\opengl_journey\opengl_triangles_object\opengl_triangles_object\vertex.hpp(23): warning C4244: 'argument': conversion from 'const double' to 'const float', possible loss of data
f:\studies\cpp\opengl_journey\opengl_triangles_object\opengl_triangles_object\vertex.hpp(25): warning C4244: 'argument': conversion from 'const double' to 'const _Ty', possible loss of data
          with
          [
              _Ty=float
          ]
f:\studies\cpp\opengl_journey\opengl_triangles_object\opengl_triangles_object\vertex.hpp(26): warning C4244: 'argument': conversion from 'const double' to 'const _Ty', possible loss of data
          with
          [
              _Ty=float
          ]
f:\studies\cpp\opengl_journey\opengl_triangles_object\opengl_triangles_object\vertex.hpp(27): warning C4244: 'argument': conversion from 'const double' to 'const _Ty', possible loss of data
          with
          [
              _Ty=float
          ]
f:\studies\cpp\opengl_journey\opengl_triangles_object\opengl_triangles_object\vertex.hpp(60): warning C4804: '<=': unsafe use of type 'bool' in operation
f:\studies\cpp\opengl_journey\opengl_triangles_object\opengl_triangles_object\color.hpp(42): warning C4244: 'argument': conversion from 'double' to '_Ty', possible loss of data
          with
          [
              _Ty=float
          ]
f:\studies\cpp\opengl_journey\opengl_triangles_object\opengl_triangles_object\color.hpp(43): warning C4244: 'argument': conversion from 'double' to '_Ty', possible loss of data
          with
          [
              _Ty=float
          ]
f:\studies\cpp\opengl_journey\opengl_triangles_object\opengl_triangles_object\color.hpp(44): warning C4244: 'argument': conversion from 'double' to '_Ty', possible loss of data
          with
          [
              _Ty=float
          ]
f:\studies\cpp\opengl_journey\opengl_triangles_object\opengl_triangles_object\color.hpp(45): warning C4244: 'argument': conversion from 'double' to '_Ty', possible loss of data
          with
          [
              _Ty=float
          ]
f:\studies\cpp\opengl_journey\opengl_triangles_object\opengl_triangles_object\color.hpp(91): warning C4804: '<=': unsafe use of type 'bool' in operation
f:\studies\cpp\opengl_journey\opengl_triangles_object\opengl_triangles_object\color.hpp(118): warning C4244: 'argument': conversion from 'double' to '_Ty', possible loss of data
          with
          [
              _Ty=float
          ]
f:\studies\cpp\opengl_journey\opengl_triangles_object\opengl_triangles_object\color.hpp(119): warning C4244: 'argument': conversion from 'double' to '_Ty', possible loss of data
          with
          [
              _Ty=float
          ]
f:\studies\cpp\opengl_journey\opengl_triangles_object\opengl_triangles_object\color.hpp(120): warning C4244: 'argument': conversion from 'double' to '_Ty', possible loss of data
          with
          [
              _Ty=float
          ]
f:\studies\cpp\opengl_journey\opengl_triangles_object\opengl_triangles_object\color.hpp(121): warning C4244: 'argument': conversion from 'double' to '_Ty', possible loss of data
          with
          [
              _Ty=float
          ]
  Generating code
  272 of 279 functions (97.5%) were compiled, the rest were copied from previous compilation.
    10 functions were new in current compilation
    0 functions had inline decision re-evaluated but remain unchanged
  Finished generating code
  OPENGL_triangles_object.vcxproj -> F:\STUDIES\CPP\OpenGL_journey\OPENGL_triangles_object\Release\OPENGL_triangles_object.exe
