  animate.cpp
  color.cpp
  point.cpp
  polygon.cpp
d:\git\opengl_journey\common\src\polygon.cpp(66): warning C4018: '>=': signed/unsigned mismatch
d:\git\opengl_journey\common\src\polygon.cpp(90): warning C4244: 'initializing': conversion from '_Rep' to 'double', possible loss of data
          with
          [
              _Rep=__int64
          ]
d:\git\opengl_journey\common\src\polygon.cpp(117): warning C4018: '>=': signed/unsigned mismatch
  quad.cpp
  shader.cpp
  shape.cpp
  triangle.cpp
  vector3d.cpp
  main.cpp
d:\git\opengl_journey\opengl_3d-model\main.cpp(56): warning C4305: '=': truncation from 'double' to 'float'
d:\git\opengl_journey\opengl_3d-model\main.cpp(57): warning C4305: '=': truncation from 'double' to 'float'
d:\git\opengl_journey\opengl_3d-model\main.cpp(60): warning C4305: '=': truncation from 'double' to 'float'
d:\git\opengl_journey\opengl_3d-model\main.cpp(61): warning C4305: '=': truncation from 'double' to 'float'
  Generating Code...
  glad.c
LINK : warning LNK4098: defaultlib 'MSVCRT' conflicts with use of other libs; use /NODEFAULTLIB:library
  OpenGL_3D-model.vcxproj -> D:\Git\OpenGL_journey\OpenGL_3D-model\Debug\OpenGL_3D-model.exe
