  buffer.cpp
  color.cpp
d:\git\opengl_journey\common\src\color.cpp(10): warning C4305: 'initializing': truncation from 'double' to 'float'
d:\git\opengl_journey\common\src\color.cpp(67): warning C4305: 'initializing': truncation from 'double' to 'float'
  point.cpp
  quad.cpp
  shader.cpp
  shape.cpp
d:\git\opengl_journey\common\src\shape.cpp(9): warning C4018: '<': signed/unsigned mismatch
  triangle.cpp
  vector3d.cpp
  glm.cpp
d:\git\opengl_journey\external\glm\glm\detail\glm.cpp(5): fatal error C1083: Cannot open include file: 'glm/gtx/dual_quaternion.hpp': No such file or directory
  bug_ms_vec_static.cpp
d:\git\opengl_journey\external\glm\test\bug\bug_ms_vec_static.cpp(1): fatal error C1083: Cannot open include file: 'glm/glm.hpp': No such file or directory
  core_cpp_constexpr.cpp
d:\git\opengl_journey\external\glm\test\core\core_cpp_constexpr.cpp(1): fatal error C1083: Cannot open include file: 'glm/glm.hpp': No such file or directory
  core_cpp_defaulted_ctor.cpp
d:\git\opengl_journey\external\glm\test\core\core_cpp_defaulted_ctor.cpp(1): fatal error C1083: Cannot open include file: 'glm/glm.hpp': No such file or directory
  core_force_aligned_gentypes.cpp
d:\git\opengl_journey\external\glm\test\core\core_force_aligned_gentypes.cpp(1): fatal error C1083: Cannot open include file: 'glm/glm.hpp': No such file or directory
  core_force_ctor_init.cpp
d:\git\opengl_journey\external\glm\test\core\core_force_ctor_init.cpp(3): fatal error C1083: Cannot open include file: 'glm/glm.hpp': No such file or directory
  core_force_explicit_ctor.cpp
d:\git\opengl_journey\external\glm\test\core\core_force_explicit_ctor.cpp(3): fatal error C1083: Cannot open include file: 'glm/glm.hpp': No such file or directory
  core_force_inline.cpp
d:\git\opengl_journey\external\glm\test\core\core_force_inline.cpp(3): fatal error C1083: Cannot open include file: 'glm/glm.hpp': No such file or directory
  core_force_pure.cpp
d:\git\opengl_journey\external\glm\test\core\core_force_pure.cpp(6): fatal error C1083: Cannot open include file: 'glm/ext/vector_relational.hpp': No such file or directory
  core_force_unrestricted_gentype.cpp
d:\git\opengl_journey\external\glm\test\core\core_force_unrestricted_gentype.cpp(3): fatal error C1083: Cannot open include file: 'glm/glm.hpp': No such file or directory
  core_force_xyzw_only.cpp
d:\git\opengl_journey\external\glm\test\core\core_force_xyzw_only.cpp(3): fatal error C1083: Cannot open include file: 'glm/gtc/constants.hpp': No such file or directory
  core_func_common.cpp
d:\git\opengl_journey\external\glm\test\core\core_func_common.cpp(2): fatal error C1083: Cannot open include file: 'glm/gtc/constants.hpp': No such file or directory
  Generating Code...
  Compiling...
  core_func_exponential.cpp
d:\git\opengl_journey\external\glm\test\core\core_func_exponential.cpp(1): fatal error C1083: Cannot open include file: 'glm/common.hpp': No such file or directory
  core_func_geometric.cpp
d:\git\opengl_journey\external\glm\test\core\core_func_geometric.cpp(1): fatal error C1083: Cannot open include file: 'glm/geometric.hpp': No such file or directory
  core_func_integer.cpp
d:\git\opengl_journey\external\glm\test\core\core_func_integer.cpp(1): fatal error C1083: Cannot open include file: 'glm/integer.hpp': No such file or directory
  core_func_integer_bit_count.cpp
  core_func_integer_find_lsb.cpp
d:\git\opengl_journey\external\glm\test\core\core_func_integer_find_lsb.cpp(1): fatal error C1083: Cannot open include file: 'glm/glm.hpp': No such file or directory
  core_func_integer_find_msb.cpp
d:\git\opengl_journey\external\glm\test\core\core_func_integer_find_msb.cpp(1): fatal error C1083: Cannot open include file: 'glm/glm.hpp': No such file or directory
  core_func_matrix.cpp
d:\git\opengl_journey\external\glm\test\core\core_func_matrix.cpp(1): fatal error C1083: Cannot open include file: 'glm/matrix.hpp': No such file or directory
  core_func_noise.cpp
  core_func_packing.cpp
d:\git\opengl_journey\external\glm\test\core\core_func_packing.cpp(1): fatal error C1083: Cannot open include file: 'glm/gtc/type_precision.hpp': No such file or directory
  core_func_swizzle.cpp
d:\git\opengl_journey\external\glm\test\core\core_func_swizzle.cpp(2): fatal error C1083: Cannot open include file: 'glm/ext/scalar_relational.hpp': No such file or directory
  core_func_trigonometric.cpp
d:\git\opengl_journey\external\glm\test\core\core_func_trigonometric.cpp(1): fatal error C1083: Cannot open include file: 'glm/trigonometric.hpp': No such file or directory
  core_func_vector_relational.cpp
d:\git\opengl_journey\external\glm\test\core\core_func_vector_relational.cpp(1): fatal error C1083: Cannot open include file: 'glm/vec2.hpp': No such file or directory
  core_setup_force_cxx98.cpp
d:\git\opengl_journey\external\glm\test\core\core_setup_force_cxx98.cpp(4): fatal error C1083: Cannot open include file: 'glm/glm.hpp': No such file or directory
  core_setup_force_size_t_length.cpp
d:\git\opengl_journey\external\glm\test\core\core_setup_force_size_t_length.cpp(2): fatal error C1083: Cannot open include file: 'glm/glm.hpp': No such file or directory
  core_setup_message.cpp
d:\git\opengl_journey\external\glm\test\core\core_setup_message.cpp(2): fatal error C1083: Cannot open include file: 'glm/vec3.hpp': No such file or directory
  core_setup_platform_unknown.cpp
d:\git\opengl_journey\external\glm\test\core\core_setup_platform_unknown.cpp(13): fatal error C1083: Cannot open include file: 'glm/glm.hpp': No such file or directory
  core_setup_precision.cpp
d:\git\opengl_journey\external\glm\test\core\core_setup_precision.cpp(3): fatal error C1083: Cannot open include file: 'glm/glm.hpp': No such file or directory
  core_type_aligned.cpp
d:\git\opengl_journey\external\glm\test\core\core_type_aligned.cpp(2): fatal error C1083: Cannot open include file: 'glm/glm.hpp': No such file or directory
  core_type_cast.cpp
d:\git\opengl_journey\external\glm\test\core\core_type_cast.cpp(1): fatal error C1083: Cannot open include file: 'glm/gtc/constants.hpp': No such file or directory
  core_type_ctor.cpp
d:\git\opengl_journey\external\glm\test\core\core_type_ctor.cpp(1): fatal error C1083: Cannot open include file: 'glm/gtc/vec1.hpp': No such file or directory
  Generating Code...
  Compiling...
  core_type_int.cpp
d:\git\opengl_journey\external\glm\test\core\core_type_int.cpp(1): fatal error C1083: Cannot open include file: 'glm/glm.hpp': No such file or directory
  core_type_length.cpp
d:\git\opengl_journey\external\glm\test\core\core_type_length.cpp(1): fatal error C1083: Cannot open include file: 'glm/glm.hpp': No such file or directory
  core_type_mat2x2.cpp
d:\git\opengl_journey\external\glm\test\core\core_type_mat2x2.cpp(1): fatal error C1083: Cannot open include file: 'glm/ext/matrix_relational.hpp': No such file or directory
  core_type_mat2x3.cpp
d:\git\opengl_journey\external\glm\test\core\core_type_mat2x3.cpp(1): fatal error C1083: Cannot open include file: 'glm/ext/scalar_relational.hpp': No such file or directory
  core_type_mat2x4.cpp
d:\git\opengl_journey\external\glm\test\core\core_type_mat2x4.cpp(1): fatal error C1083: Cannot open include file: 'glm/gtc/epsilon.hpp': No such file or directory
  core_type_mat3x2.cpp
d:\git\opengl_journey\external\glm\test\core\core_type_mat3x2.cpp(1): fatal error C1083: Cannot open include file: 'glm/gtc/constants.hpp': No such file or directory
  core_type_mat3x3.cpp
d:\git\opengl_journey\external\glm\test\core\core_type_mat3x3.cpp(1): fatal error C1083: Cannot open include file: 'glm/gtc/constants.hpp': No such file or directory
  core_type_mat3x4.cpp
d:\git\opengl_journey\external\glm\test\core\core_type_mat3x4.cpp(1): fatal error C1083: Cannot open include file: 'glm/gtc/epsilon.hpp': No such file or directory
  core_type_mat4x2.cpp
d:\git\opengl_journey\external\glm\test\core\core_type_mat4x2.cpp(1): fatal error C1083: Cannot open include file: 'glm/gtc/constants.hpp': No such file or directory
  core_type_mat4x3.cpp
d:\git\opengl_journey\external\glm\test\core\core_type_mat4x3.cpp(1): fatal error C1083: Cannot open include file: 'glm/gtc/constants.hpp': No such file or directory
  core_type_mat4x4.cpp
d:\git\opengl_journey\external\glm\test\core\core_type_mat4x4.cpp(1): fatal error C1083: Cannot open include file: 'glm/gtc/constants.hpp': No such file or directory
  core_type_vec1.cpp
d:\git\opengl_journey\external\glm\test\core\core_type_vec1.cpp(2): fatal error C1083: Cannot open include file: 'glm/gtc/constants.hpp': No such file or directory
  core_type_vec2.cpp
d:\git\opengl_journey\external\glm\test\core\core_type_vec2.cpp(2): fatal error C1083: Cannot open include file: 'glm/gtc/vec1.hpp': No such file or directory
  core_type_vec3.cpp
d:\git\opengl_journey\external\glm\test\core\core_type_vec3.cpp(2): fatal error C1083: Cannot open include file: 'glm/gtc/constants.hpp': No such file or directory
  core_type_vec4.cpp
d:\git\opengl_journey\external\glm\test\core\core_type_vec4.cpp(2): fatal error C1083: Cannot open include file: 'glm/gtc/constants.hpp': No such file or directory
  ext_matrix_clip_space.cpp
d:\git\opengl_journey\external\glm\test\ext\ext_matrix_clip_space.cpp(1): fatal error C1083: Cannot open include file: 'glm/ext/matrix_relational.hpp': No such file or directory
  ext_matrix_projection.cpp
d:\git\opengl_journey\external\glm\test\ext\ext_matrix_projection.cpp(1): fatal error C1083: Cannot open include file: 'glm/ext/matrix_relational.hpp': No such file or directory
  ext_matrix_relational.cpp
d:\git\opengl_journey\external\glm\test\ext\ext_matrix_relational.cpp(1): fatal error C1083: Cannot open include file: 'glm/ext/matrix_relational.hpp': No such file or directory
  ext_matrix_transform.cpp
d:\git\opengl_journey\external\glm\test\ext\ext_matrix_transform.cpp(1): fatal error C1083: Cannot open include file: 'glm/ext/matrix_relational.hpp': No such file or directory
  ext_quaternion_common.cpp
d:\git\opengl_journey\external\glm\test\ext\ext_quaternion_common.cpp(1): fatal error C1083: Cannot open include file: 'glm/ext/vector_float3.hpp': No such file or directory
  Generating Code...
  Compiling...
  ext_quaternion_exponential.cpp
d:\git\opengl_journey\external\glm\test\ext\ext_quaternion_exponential.cpp(1): fatal error C1083: Cannot open include file: 'glm/ext/quaternion_exponential.hpp': No such file or directory
  ext_quaternion_geometric.cpp
d:\git\opengl_journey\external\glm\test\ext\ext_quaternion_geometric.cpp(1): fatal error C1083: Cannot open include file: 'glm/gtc/constants.hpp': No such file or directory
  ext_quaternion_relational.cpp
d:\git\opengl_journey\external\glm\test\ext\ext_quaternion_relational.cpp(1): fatal error C1083: Cannot open include file: 'glm/gtc/constants.hpp': No such file or directory
  ext_quaternion_transform.cpp
d:\git\opengl_journey\external\glm\test\ext\ext_quaternion_transform.cpp(1): fatal error C1083: Cannot open include file: 'glm/ext/quaternion_transform.hpp': No such file or directory
  ext_quaternion_trigonometric.cpp
d:\git\opengl_journey\external\glm\test\ext\ext_quaternion_trigonometric.cpp(1): fatal error C1083: Cannot open include file: 'glm/ext/quaternion_trigonometric.hpp': No such file or directory
  ext_quaternion_type.cpp
d:\git\opengl_journey\external\glm\test\ext\ext_quaternion_type.cpp(1): fatal error C1083: Cannot open include file: 'glm/gtc/constants.hpp': No such file or directory
  ext_scalar_common.cpp
d:\git\opengl_journey\external\glm\test\ext\ext_scalar_common.cpp(1): fatal error C1083: Cannot open include file: 'glm/ext/scalar_common.hpp': No such file or directory
  ext_scalar_constants.cpp
d:\git\opengl_journey\external\glm\test\ext\ext_scalar_constants.cpp(1): fatal error C1083: Cannot open include file: 'glm/ext/scalar_constants.hpp': No such file or directory
  ext_scalar_float_sized.cpp
d:\git\opengl_journey\external\glm\test\ext\ext_scalar_float_sized.cpp(1): fatal error C1083: Cannot open include file: 'glm/ext/scalar_float_sized.hpp': No such file or directory
  ext_scalar_int_sized.cpp
d:\git\opengl_journey\external\glm\test\ext\ext_scalar_int_sized.cpp(1): fatal error C1083: Cannot open include file: 'glm/ext/scalar_int_sized.hpp': No such file or directory
  ext_scalar_relational.cpp
d:\git\opengl_journey\external\glm\test\ext\ext_scalar_relational.cpp(1): fatal error C1083: Cannot open include file: 'glm/ext/scalar_relational.hpp': No such file or directory
  ext_scalar_uint_sized.cpp
d:\git\opengl_journey\external\glm\test\ext\ext_scalar_uint_sized.cpp(1): fatal error C1083: Cannot open include file: 'glm/ext/scalar_uint_sized.hpp': No such file or directory
  ext_vec1.cpp
d:\git\opengl_journey\external\glm\test\ext\ext_vec1.cpp(2): fatal error C1083: Cannot open include file: 'glm/vector_relational.hpp': No such file or directory
  ext_vector_bool1.cpp
d:\git\opengl_journey\external\glm\test\ext\ext_vector_bool1.cpp(1): fatal error C1083: Cannot open include file: 'glm/ext/vector_bool1.hpp': No such file or directory
  ext_vector_common.cpp
d:\git\opengl_journey\external\glm\test\ext\ext_vector_common.cpp(1): fatal error C1083: Cannot open include file: 'glm/ext/vector_common.hpp': No such file or directory
  ext_vector_iec559.cpp
d:\git\opengl_journey\external\glm\test\ext\ext_vector_iec559.cpp(1): fatal error C1083: Cannot open include file: 'glm/gtc/constants.hpp': No such file or directory
  ext_vector_integer.cpp
d:\git\opengl_journey\external\glm\test\ext\ext_vector_integer.cpp(1): fatal error C1083: Cannot open include file: 'glm/ext/vector_int1.hpp': No such file or directory
  ext_vector_relational.cpp
d:\git\opengl_journey\external\glm\test\ext\ext_vector_relational.cpp(1): fatal error C1083: Cannot open include file: 'glm/ext/vector_relational.hpp': No such file or directory
  gtc_bitfield.cpp
d:\git\opengl_journey\external\glm\test\gtc\gtc_bitfield.cpp(1): fatal error C1083: Cannot open include file: 'glm/gtc/bitfield.hpp': No such file or directory
  gtc_color_space.cpp
d:\git\opengl_journey\external\glm\test\gtc\gtc_color_space.cpp(1): fatal error C1083: Cannot open include file: 'glm/gtc/color_space.hpp': No such file or directory
  Generating Code...
  Compiling...
  gtc_constants.cpp
d:\git\opengl_journey\external\glm\test\gtc\gtc_constants.cpp(1): fatal error C1083: Cannot open include file: 'glm/gtc/constants.hpp': No such file or directory
  gtc_epsilon.cpp
d:\git\opengl_journey\external\glm\test\gtc\gtc_epsilon.cpp(1): fatal error C1083: Cannot open include file: 'glm/gtc/epsilon.hpp': No such file or directory
  gtc_integer.cpp
d:\git\opengl_journey\external\glm\test\gtc\gtc_integer.cpp(3): fatal error C1083: Cannot open include file: 'glm/gtc/epsilon.hpp': No such file or directory
  gtc_matrix_access.cpp
d:\git\opengl_journey\external\glm\test\gtc\gtc_matrix_access.cpp(1): fatal error C1083: Cannot open include file: 'glm/ext/vector_relational.hpp': No such file or directory
  gtc_matrix_integer.cpp
d:\git\opengl_journey\external\glm\test\gtc\gtc_matrix_integer.cpp(1): fatal error C1083: Cannot open include file: 'glm/gtc/matrix_integer.hpp': No such file or directory
  gtc_matrix_inverse.cpp
d:\git\opengl_journey\external\glm\test\gtc\gtc_matrix_inverse.cpp(1): fatal error C1083: Cannot open include file: 'glm/gtc/matrix_inverse.hpp': No such file or directory
  gtc_matrix_transform.cpp
d:\git\opengl_journey\external\glm\test\gtc\gtc_matrix_transform.cpp(1): fatal error C1083: Cannot open include file: 'glm/gtc/matrix_transform.hpp': No such file or directory
  gtc_noise.cpp
d:\git\opengl_journey\external\glm\test\gtc\gtc_noise.cpp(2): fatal error C1083: Cannot open include file: 'glm/gtc/noise.hpp': No such file or directory
  gtc_packing.cpp
d:\git\opengl_journey\external\glm\test\gtc\gtc_packing.cpp(1): fatal error C1083: Cannot open include file: 'glm/packing.hpp': No such file or directory
  gtc_quaternion.cpp
d:\git\opengl_journey\external\glm\test\gtc\gtc_quaternion.cpp(1): fatal error C1083: Cannot open include file: 'glm/gtc/constants.hpp': No such file or directory
  gtc_random.cpp
d:\git\opengl_journey\external\glm\test\gtc\gtc_random.cpp(2): fatal error C1083: Cannot open include file: 'glm/gtc/random.hpp': No such file or directory
  gtc_reciprocal.cpp
d:\git\opengl_journey\external\glm\test\gtc\gtc_reciprocal.cpp(1): fatal error C1083: Cannot open include file: 'glm/gtc/reciprocal.hpp': No such file or directory
  gtc_round.cpp
d:\git\opengl_journey\external\glm\test\gtc\gtc_round.cpp(1): fatal error C1083: Cannot open include file: 'glm/gtc/round.hpp': No such file or directory
  gtc_type_aligned.cpp
d:\git\opengl_journey\external\glm\test\gtc\gtc_type_aligned.cpp(1): fatal error C1083: Cannot open include file: 'glm/glm.hpp': No such file or directory
  gtc_type_precision.cpp
d:\git\opengl_journey\external\glm\test\gtc\gtc_type_precision.cpp(1): fatal error C1083: Cannot open include file: 'glm/gtc/type_precision.hpp': No such file or directory
  gtc_type_ptr.cpp
d:\git\opengl_journey\external\glm\test\gtc\gtc_type_ptr.cpp(1): fatal error C1083: Cannot open include file: 'glm/gtc/type_ptr.hpp': No such file or directory
  gtc_ulp.cpp
d:\git\opengl_journey\external\glm\test\gtc\gtc_ulp.cpp(1): fatal error C1083: Cannot open include file: 'glm/gtc/ulp.hpp': No such file or directory
  gtc_user_defined_types.cpp
d:\git\opengl_journey\external\glm\test\gtc\gtc_user_defined_types.cpp(11): fatal error C1083: Cannot open include file: 'glm/gtc/user_defined_type.hpp': No such file or directory
  gtc_vec1.cpp
d:\git\opengl_journey\external\glm\test\gtc\gtc_vec1.cpp(1): fatal error C1083: Cannot open include file: 'glm/gtc/vec1.hpp': No such file or directory
  gtx.cpp
d:\git\opengl_journey\external\glm\test\gtx\gtx.cpp(1): fatal error C1083: Cannot open include file: 'glm/ext.hpp': No such file or directory
  Generating Code...
  Compiling...
  gtx_associated_min_max.cpp
d:\git\opengl_journey\external\glm\test\gtx\gtx_associated_min_max.cpp(2): fatal error C1083: Cannot open include file: 'glm/gtc/type_precision.hpp': No such file or directory
  gtx_closest_point.cpp
d:\git\opengl_journey\external\glm\test\gtx\gtx_closest_point.cpp(2): fatal error C1083: Cannot open include file: 'glm/gtx/closest_point.hpp': No such file or directory
  gtx_color_encoding.cpp
d:\git\opengl_journey\external\glm\test\gtx\gtx_color_encoding.cpp(1): fatal error C1083: Cannot open include file: 'glm/gtx/color_encoding.hpp': No such file or directory
  gtx_color_space.cpp
d:\git\opengl_journey\external\glm\test\gtx\gtx_color_space.cpp(2): fatal error C1083: Cannot open include file: 'glm/gtx/color_space.hpp': No such file or directory
  gtx_color_space_YCoCg.cpp
d:\git\opengl_journey\external\glm\test\gtx\gtx_color_space_ycocg.cpp(2): fatal error C1083: Cannot open include file: 'glm/gtx/color_space_YCoCg.hpp': No such file or directory
  gtx_common.cpp
d:\git\opengl_journey\external\glm\test\gtx\gtx_common.cpp(2): fatal error C1083: Cannot open include file: 'glm/gtx/common.hpp': No such file or directory
  gtx_compatibility.cpp
d:\git\opengl_journey\external\glm\test\gtx\gtx_compatibility.cpp(2): fatal error C1083: Cannot open include file: 'glm/gtx/compatibility.hpp': No such file or directory
  gtx_component_wise.cpp
d:\git\opengl_journey\external\glm\test\gtx\gtx_component_wise.cpp(2): fatal error C1083: Cannot open include file: 'glm/gtx/component_wise.hpp': No such file or directory
  gtx_dual_quaternion.cpp
d:\git\opengl_journey\external\glm\test\gtx\gtx_dual_quaternion.cpp(3): fatal error C1083: Cannot open include file: 'glm/gtx/dual_quaternion.hpp': No such file or directory
  gtx_easing.cpp
d:\git\opengl_journey\external\glm\test\gtx\gtx_easing.cpp(2): fatal error C1083: Cannot open include file: 'glm/glm.hpp': No such file or directory
  gtx_euler_angle.cpp
d:\git\opengl_journey\external\glm\test\gtx\gtx_euler_angle.cpp(4): fatal error C1083: Cannot open include file: 'glm/gtc/matrix_transform.hpp': No such file or directory
  gtx_extend.cpp
d:\git\opengl_journey\external\glm\test\gtx\gtx_extend.cpp(2): fatal error C1083: Cannot open include file: 'glm/gtx/extend.hpp': No such file or directory
  gtx_extended_min_max.cpp
d:\git\opengl_journey\external\glm\test\gtx\gtx_extended_min_max.cpp(3): fatal error C1083: Cannot open include file: 'glm/gtx/extended_min_max.hpp': No such file or directory
  gtx_extented_min_max.cpp
d:\git\opengl_journey\external\glm\test\gtx\gtx_extented_min_max.cpp(32): fatal error C1083: Cannot open include file: 'glm/gtx/extended_min_max.hpp': No such file or directory
  gtx_exterior_product.cpp
d:\git\opengl_journey\external\glm\test\gtx\gtx_exterior_product.cpp(1): fatal error C1083: Cannot open include file: 'glm/gtx/exterior_product.hpp': No such file or directory
  gtx_fast_exponential.cpp
d:\git\opengl_journey\external\glm\test\gtx\gtx_fast_exponential.cpp(2): fatal error C1083: Cannot open include file: 'glm/gtx/fast_exponential.hpp': No such file or directory
  gtx_fast_square_root.cpp
d:\git\opengl_journey\external\glm\test\gtx\gtx_fast_square_root.cpp(2): fatal error C1083: Cannot open include file: 'glm/gtx/fast_square_root.hpp': No such file or directory
  gtx_fast_trigonometry.cpp
d:\git\opengl_journey\external\glm\test\gtx\gtx_fast_trigonometry.cpp(2): fatal error C1083: Cannot open include file: 'glm/gtc/type_precision.hpp': No such file or directory
  gtx_functions.cpp
d:\git\opengl_journey\external\glm\test\gtx\gtx_functions.cpp(1): fatal error C1083: Cannot open include file: 'glm/gtx/functions.hpp': No such file or directory
  gtx_gradient_paint.cpp
d:\git\opengl_journey\external\glm\test\gtx\gtx_gradient_paint.cpp(2): fatal error C1083: Cannot open include file: 'glm/gtx/gradient_paint.hpp': No such file or directory
  Generating Code...
  Compiling...
  gtx_handed_coordinate_space.cpp
d:\git\opengl_journey\external\glm\test\gtx\gtx_handed_coordinate_space.cpp(2): fatal error C1083: Cannot open include file: 'glm/gtx/handed_coordinate_space.hpp': No such file or directory
  gtx_integer.cpp
d:\git\opengl_journey\external\glm\test\gtx\gtx_integer.cpp(2): fatal error C1083: Cannot open include file: 'glm/exponential.hpp': No such file or directory
  gtx_intersect.cpp
d:\git\opengl_journey\external\glm\test\gtx\gtx_intersect.cpp(2): fatal error C1083: Cannot open include file: 'glm/glm.hpp': No such file or directory
  gtx_int_10_10_10_2.cpp
d:\git\opengl_journey\external\glm\test\gtx\gtx_int_10_10_10_2.cpp(10): fatal error C1083: Cannot open include file: 'glm/gtc/type_precision.hpp': No such file or directory
  gtx_io.cpp
d:\git\opengl_journey\external\glm\test\gtx\gtx_io.cpp(2): fatal error C1083: Cannot open include file: 'glm/glm.hpp': No such file or directory
  gtx_load.cpp
d:\git\opengl_journey\external\glm\test\gtx\gtx_load.cpp(2): fatal error C1083: Cannot open include file: 'glm/glm.hpp': No such file or directory
  gtx_log_base.cpp
d:\git\opengl_journey\external\glm\test\gtx\gtx_log_base.cpp(2): fatal error C1083: Cannot open include file: 'glm/gtx/log_base.hpp': No such file or directory
  gtx_matrix_cross_product.cpp
d:\git\opengl_journey\external\glm\test\gtx\gtx_matrix_cross_product.cpp(2): fatal error C1083: Cannot open include file: 'glm/gtx/matrix_cross_product.hpp': No such file or directory
  gtx_matrix_decompose.cpp
d:\git\opengl_journey\external\glm\test\gtx\gtx_matrix_decompose.cpp(2): fatal error C1083: Cannot open include file: 'glm/gtx/matrix_decompose.hpp': No such file or directory
  gtx_matrix_factorisation.cpp
d:\git\opengl_journey\external\glm\test\gtx\gtx_matrix_factorisation.cpp(2): fatal error C1083: Cannot open include file: 'glm/gtx/matrix_factorisation.hpp': No such file or directory
  gtx_matrix_interpolation.cpp
d:\git\opengl_journey\external\glm\test\gtx\gtx_matrix_interpolation.cpp(2): fatal error C1083: Cannot open include file: 'glm/gtc/quaternion.hpp': No such file or directory
  gtx_matrix_major_storage.cpp
d:\git\opengl_journey\external\glm\test\gtx\gtx_matrix_major_storage.cpp(2): fatal error C1083: Cannot open include file: 'glm/gtx/matrix_major_storage.hpp': No such file or directory
  gtx_matrix_operation.cpp
d:\git\opengl_journey\external\glm\test\gtx\gtx_matrix_operation.cpp(2): fatal error C1083: Cannot open include file: 'glm/gtx/matrix_operation.hpp': No such file or directory
  gtx_matrix_query.cpp
d:\git\opengl_journey\external\glm\test\gtx\gtx_matrix_query.cpp(2): fatal error C1083: Cannot open include file: 'glm/gtx/matrix_query.hpp': No such file or directory
  gtx_matrix_transform_2d.cpp
d:\git\opengl_journey\external\glm\test\gtx\gtx_matrix_transform_2d.cpp(2): fatal error C1083: Cannot open include file: 'glm/gtx/matrix_transform_2d.hpp': No such file or directory
  gtx_mixed_product.cpp
d:\git\opengl_journey\external\glm\test\gtx\gtx_mixed_product.cpp(10): fatal error C1083: Cannot open include file: 'glm/gtc/type_precision.hpp': No such file or directory
  gtx_norm.cpp
d:\git\opengl_journey\external\glm\test\gtx\gtx_norm.cpp(2): fatal error C1083: Cannot open include file: 'glm/gtx/norm.hpp': No such file or directory
  gtx_normal.cpp
d:\git\opengl_journey\external\glm\test\gtx\gtx_normal.cpp(2): fatal error C1083: Cannot open include file: 'glm/gtx/normal.hpp': No such file or directory
  gtx_normalize_dot.cpp
d:\git\opengl_journey\external\glm\test\gtx\gtx_normalize_dot.cpp(2): fatal error C1083: Cannot open include file: 'glm/gtx/normalize_dot.hpp': No such file or directory
  gtx_number_precision.cpp
d:\git\opengl_journey\external\glm\test\gtx\gtx_number_precision.cpp(2): fatal error C1083: Cannot open include file: 'glm/gtx/number_precision.hpp': No such file or directory
  Generating Code...
  Compiling...
  gtx_optimum_pow.cpp
d:\git\opengl_journey\external\glm\test\gtx\gtx_optimum_pow.cpp(2): fatal error C1083: Cannot open include file: 'glm/gtx/optimum_pow.hpp': No such file or directory
  gtx_orthonormalize.cpp
d:\git\opengl_journey\external\glm\test\gtx\gtx_orthonormalize.cpp(2): fatal error C1083: Cannot open include file: 'glm/gtx/orthonormalize.hpp': No such file or directory
  gtx_perpendicular.cpp
d:\git\opengl_journey\external\glm\test\gtx\gtx_perpendicular.cpp(2): fatal error C1083: Cannot open include file: 'glm/gtx/perpendicular.hpp': No such file or directory
  gtx_polar_coordinates.cpp
d:\git\opengl_journey\external\glm\test\gtx\gtx_polar_coordinates.cpp(2): fatal error C1083: Cannot open include file: 'glm/gtx/polar_coordinates.hpp': No such file or directory
  gtx_projection.cpp
d:\git\opengl_journey\external\glm\test\gtx\gtx_projection.cpp(2): fatal error C1083: Cannot open include file: 'glm/gtx/projection.hpp': No such file or directory
  gtx_quaternion.cpp
d:\git\opengl_journey\external\glm\test\gtx\gtx_quaternion.cpp(2): fatal error C1083: Cannot open include file: 'glm/gtc/epsilon.hpp': No such file or directory
  gtx_random.cpp
d:\git\opengl_journey\external\glm\test\gtx\gtx_random.cpp(10): fatal error C1083: Cannot open include file: 'glm/glm.hpp': No such file or directory
  gtx_range.cpp
d:\git\opengl_journey\external\glm\test\gtx\gtx_range.cpp(2): fatal error C1083: Cannot open include file: 'glm/gtc/constants.hpp': No such file or directory
  gtx_rotate_normalized_axis.cpp
d:\git\opengl_journey\external\glm\test\gtx\gtx_rotate_normalized_axis.cpp(2): fatal error C1083: Cannot open include file: 'glm/gtx/rotate_normalized_axis.hpp': No such file or directory
  gtx_rotate_vector.cpp
d:\git\opengl_journey\external\glm\test\gtx\gtx_rotate_vector.cpp(2): fatal error C1083: Cannot open include file: 'glm/gtx/rotate_vector.hpp': No such file or directory
  gtx_scalar_multiplication.cpp
d:\git\opengl_journey\external\glm\test\gtx\gtx_scalar_multiplication.cpp(2): fatal error C1083: Cannot open include file: 'glm/gtc/constants.hpp': No such file or directory
  gtx_scalar_relational.cpp
d:\git\opengl_journey\external\glm\test\gtx\gtx_scalar_relational.cpp(2): fatal error C1083: Cannot open include file: 'glm/gtx/scalar_relational.hpp': No such file or directory
  gtx_simd_mat4.cpp
d:\git\opengl_journey\external\glm\test\gtx\gtx_simd_mat4.cpp(32): fatal error C1083: Cannot open include file: 'glm/glm.hpp': No such file or directory
  gtx_simd_vec4.cpp
d:\git\opengl_journey\external\glm\test\gtx\gtx_simd_vec4.cpp(32): fatal error C1083: Cannot open include file: 'glm/glm.hpp': No such file or directory
  gtx_spline.cpp
d:\git\opengl_journey\external\glm\test\gtx\gtx_spline.cpp(2): fatal error C1083: Cannot open include file: 'glm/vec2.hpp': No such file or directory
  gtx_string_cast.cpp
d:\git\opengl_journey\external\glm\test\gtx\gtx_string_cast.cpp(2): fatal error C1083: Cannot open include file: 'glm/glm.hpp': No such file or directory
  gtx_texture.cpp
d:\git\opengl_journey\external\glm\test\gtx\gtx_texture.cpp(2): fatal error C1083: Cannot open include file: 'glm/vec2.hpp': No such file or directory
  gtx_type_aligned.cpp
d:\git\opengl_journey\external\glm\test\gtx\gtx_type_aligned.cpp(2): fatal error C1083: Cannot open include file: 'glm/gtx/type_aligned.hpp': No such file or directory
  gtx_type_trait.cpp
d:\git\opengl_journey\external\glm\test\gtx\gtx_type_trait.cpp(2): fatal error C1083: Cannot open include file: 'glm/vec4.hpp': No such file or directory
  gtx_vector_angle.cpp
d:\git\opengl_journey\external\glm\test\gtx\gtx_vector_angle.cpp(2): fatal error C1083: Cannot open include file: 'glm/gtc/constants.hpp': No such file or directory
  Generating Code...
  Compiling...
  gtx_vector_query.cpp
d:\git\opengl_journey\external\glm\test\gtx\gtx_vector_query.cpp(2): fatal error C1083: Cannot open include file: 'glm/vec2.hpp': No such file or directory
  gtx_vec_swizzle.cpp
d:\git\opengl_journey\external\glm\test\gtx\gtx_vec_swizzle.cpp(2): fatal error C1083: Cannot open include file: 'glm/gtx/vec_swizzle.hpp': No such file or directory
  gtx_wrap.cpp
d:\git\opengl_journey\external\glm\test\gtx\gtx_wrap.cpp(2): fatal error C1083: Cannot open include file: 'glm/gtx/wrap.hpp': No such file or directory
  perf_matrix_div.cpp
d:\git\opengl_journey\external\glm\test\perf\perf_matrix_div.cpp(2): fatal error C1083: Cannot open include file: 'glm/ext/matrix_float4x4.hpp': No such file or directory
  perf_matrix_inverse.cpp
d:\git\opengl_journey\external\glm\test\perf\perf_matrix_inverse.cpp(2): fatal error C1083: Cannot open include file: 'glm/matrix.hpp': No such file or directory
  perf_matrix_mul.cpp
d:\git\opengl_journey\external\glm\test\perf\perf_matrix_mul.cpp(2): fatal error C1083: Cannot open include file: 'glm/ext/matrix_float2x2.hpp': No such file or directory
  perf_matrix_mul_vector.cpp
d:\git\opengl_journey\external\glm\test\perf\perf_matrix_mul_vector.cpp(2): fatal error C1083: Cannot open include file: 'glm/ext/matrix_float2x2.hpp': No such file or directory
  perf_matrix_transpose.cpp
d:\git\opengl_journey\external\glm\test\perf\perf_matrix_transpose.cpp(2): fatal error C1083: Cannot open include file: 'glm/matrix.hpp': No such file or directory
  perf_vector_mul_matrix.cpp
d:\git\opengl_journey\external\glm\test\perf\perf_vector_mul_matrix.cpp(2): fatal error C1083: Cannot open include file: 'glm/ext/matrix_float2x2.hpp': No such file or directory
  main.cpp
  Generating Code...
